Using pre-set license
Built from '2020.3/staging' branch; Version is '2020.3.18f1 (a7d1c678663c) revision 10998214'; Using compiler version '192528614'; Build Type 'Release'
OS: 'Windows 10 Home; OS build 19043.1415; Version 2009; 64bit' Language: 'es' Physical Memory: 16267 MB
BatchMode: 1, IsHumanControllingUs: 0, StartBugReporterOnCrash: 0, Is64bit: 1, IsPro: 0

COMMAND LINE ARGUMENTS:
F:\Programas\UnityHub\VersionesUnity\2020.3.18f1\Editor\Unity.exe
-adb2
-batchMode
-noUpm
-name
AssetImportWorker0
-projectPath
F:/Repositorios GitHub/Scripting_III/3PersonShooter
-logFile
Logs/AssetImportWorker0.log
-srvPort
49628
Successfully changed project path to: F:/Repositorios GitHub/Scripting_III/3PersonShooter
F:/Repositorios GitHub/Scripting_III/3PersonShooter
Using Asset Import Pipeline V2.
Refreshing native plugins compatible for Editor in 45.41 ms, found 2 plugins.
Preloading 0 native plugins for Editor in 0.00 ms.
Initialize engine version: 2020.3.18f1 (a7d1c678663c)
[Subsystems] Discovering subsystems at path F:/Programas/UnityHub/VersionesUnity/2020.3.18f1/Editor/Data/Resources/UnitySubsystems
[Subsystems] Discovering subsystems at path F:/Repositorios GitHub/Scripting_III/3PersonShooter/Assets
GfxDevice: creating device client; threaded=0
Direct3D:
    Version:  Direct3D 11.0 [level 11.1]
    Renderer: NVIDIA GeForce GTX 1060 (ID=0x1c20)
    Vendor:   
    VRAM:     6052 MB
    Driver:   27.21.14.6089
Initialize mono
Mono path[0] = 'F:/Programas/UnityHub/VersionesUnity/2020.3.18f1/Editor/Data/Managed'
Mono path[1] = 'F:/Programas/UnityHub/VersionesUnity/2020.3.18f1/Editor/Data/MonoBleedingEdge/lib/mono/unityjit'
Mono config path = 'F:/Programas/UnityHub/VersionesUnity/2020.3.18f1/Editor/Data/MonoBleedingEdge/etc'
Using monoOptions --debugger-agent=transport=dt_socket,embedding=1,server=y,suspend=n,address=127.0.0.1:56732
Begin MonoManager ReloadAssembly
Registering precompiled unity dll's ...
Register platform support module: F:/Programas/UnityHub/VersionesUnity/2020.3.18f1/Editor/Data/PlaybackEngines/WebGLSupport/UnityEditor.WebGL.Extensions.dll
Register platform support module: F:/Programas/UnityHub/VersionesUnity/2020.3.18f1/Editor/Data/PlaybackEngines/WindowsStandaloneSupport/UnityEditor.WindowsStandalone.Extensions.dll
Registered in 0.001918 seconds.
Native extension for WindowsStandalone target not found
Native extension for WebGL target not found
Refreshing native plugins compatible for Editor in 54.95 ms, found 2 plugins.
Preloading 0 native plugins for Editor in 0.00 ms.
Mono: successfully reloaded assembly
- Completed reload, in  1.777 seconds
Domain Reload Profiling:
	ReloadAssembly (1777ms)
		BeginReloadAssembly (86ms)
			ExecutionOrderSort (0ms)
			DisableScriptedObjects (0ms)
			BackupInstance (0ms)
			ReleaseScriptingObjects (0ms)
			CreateAndSetChildDomain (1ms)
		EndReloadAssembly (568ms)
			LoadAssemblies (86ms)
			RebuildTransferFunctionScriptingTraits (0ms)
			SetupTypeCache (175ms)
			ReleaseScriptCaches (0ms)
			RebuildScriptCaches (38ms)
			SetupLoadedEditorAssemblies (227ms)
				LogAssemblyErrors (0ms)
				InitializePlatformSupportModulesInManaged (5ms)
				SetLoadedEditorAssemblies (0ms)
				RefreshPlugins (55ms)
				BeforeProcessingInitializeOnLoad (25ms)
				ProcessInitializeOnLoadAttributes (101ms)
				ProcessInitializeOnLoadMethodAttributes (39ms)
				AfterProcessingInitializeOnLoad (0ms)
				EditorAssembliesLoaded (0ms)
			ExecutionOrderSort2 (0ms)
			AwakeInstancesAfterBackupRestoration (0ms)
Platform modules already initialized, skipping
Registering precompiled user dll's ...
Registered in 0.003778 seconds.
Begin MonoManager ReloadAssembly
Native extension for WindowsStandalone target not found
Native extension for WebGL target not found
Refreshing native plugins compatible for Editor in 0.98 ms, found 2 plugins.
Preloading 0 native plugins for Editor in 0.00 ms.
Mono: successfully reloaded assembly
- Completed reload, in  1.322 seconds
Domain Reload Profiling:
	ReloadAssembly (1323ms)
		BeginReloadAssembly (201ms)
			ExecutionOrderSort (0ms)
			DisableScriptedObjects (6ms)
			BackupInstance (0ms)
			ReleaseScriptingObjects (0ms)
			CreateAndSetChildDomain (23ms)
		EndReloadAssembly (1027ms)
			LoadAssemblies (132ms)
			RebuildTransferFunctionScriptingTraits (0ms)
			SetupTypeCache (311ms)
			ReleaseScriptCaches (0ms)
			RebuildScriptCaches (58ms)
			SetupLoadedEditorAssemblies (401ms)
				LogAssemblyErrors (0ms)
				InitializePlatformSupportModulesInManaged (10ms)
				SetLoadedEditorAssemblies (1ms)
				RefreshPlugins (1ms)
				BeforeProcessingInitializeOnLoad (121ms)
				ProcessInitializeOnLoadAttributes (257ms)
				ProcessInitializeOnLoadMethodAttributes (5ms)
				AfterProcessingInitializeOnLoad (4ms)
				EditorAssembliesLoaded (0ms)
			ExecutionOrderSort2 (0ms)
			AwakeInstancesAfterBackupRestoration (9ms)
Platform modules already initialized, skipping
========================================================================
Worker process is ready to serve import requests
Launched and connected shader compiler UnityShaderCompiler.exe after 0.05 seconds
Refreshing native plugins compatible for Editor in 0.75 ms, found 2 plugins.
Preloading 0 native plugins for Editor in 0.00 ms.
Unloading 1552 Unused Serialized files (Serialized files now loaded: 0)
System memory in use before: 93.7 MB.
System memory in use after: 93.5 MB.

Unloading 17 unused Assets to reduce memory usage. Loaded Objects now: 2012.
Total: 5.189800 ms (FindLiveObjects: 0.376700 ms CreateObjectMapping: 0.100500 ms MarkObjects: 4.320700 ms  DeleteObjects: 0.390000 ms)

AssetImportParameters requested are different than current active one (requested -> active):
  custom:framework-win-MediaFoundation: 216162199b28c13a410421893ffa2e32 -> 
  custom:video-decoder-ogg-theora: a1e56fd34408186e4bbccfd4996cb3dc -> 
  custom:container-muxer-webm: aa71ff27fc2769a1b78a27578f13a17b -> 
  custom:container-demuxer-webm: 4f35f7cbe854078d1ac9338744f61a02 -> 
  custom:container-demuxer-ogg: 62fdf1f143b41e24485cea50d1cbac27 -> 
  custom:video-encoder-webm-vp8: eb34c28f22e8b96e1ab97ce403110664 -> 
  custom:video-decoder-webm-vp8: 9c59270c3fd7afecdb556c50c9e8de78 -> 
  custom:audio-decoder-ogg-vorbis: bf7c407c2cedff20999df2af8eb42d56 -> 
  custom:audio-encoder-webm-vorbis: bf7c407c2cedff20999df2af8eb42d56 -> 
========================================================================
Received Import Request.
  path: Assets/PuzzleGrid/PuzzleSlot.cs
  artifactKey: Guid(604d6b45391fda443a9d00aca4cbce2d) Importer(815301076,1909f56bfc062723c751e8b465ee728b)
Start importing Assets/PuzzleGrid/PuzzleSlot.cs using Guid(604d6b45391fda443a9d00aca4cbce2d) Importer(815301076,1909f56bfc062723c751e8b465ee728b)  -> (artifact id: '4a3d5241558cf7f49533954b21b6836a') in 0.092135 seconds 
  Import took 0.095658 seconds .

========================================================================
Received Import Request.
  Time since last request: 887.247380 seconds.
  path: Assets/Pistol/pistol_crosshairs.png
  artifactKey: Guid(7421be04f4f6d6a4fa8b981fa80829cb) Importer(815301076,1909f56bfc062723c751e8b465ee728b)
Start importing Assets/Pistol/pistol_crosshairs.png using Guid(7421be04f4f6d6a4fa8b981fa80829cb) Importer(815301076,1909f56bfc062723c751e8b465ee728b)  -> (artifact id: '29938c4063dfc1a60dcaadcdda5a33da') in 0.642682 seconds 
  Import took 0.647787 seconds .

========================================================================
Received Import Request.
  Time since last request: 0.000370 seconds.
  path: Assets/Pistol/pistol_reload.wav
  artifactKey: Guid(bf0ac908ff2bc264c92835697540a2c2) Importer(815301076,1909f56bfc062723c751e8b465ee728b)
Start importing Assets/Pistol/pistol_reload.wav using Guid(bf0ac908ff2bc264c92835697540a2c2) Importer(815301076,1909f56bfc062723c751e8b465ee728b)  -> (artifact id: '87e5331bd9483c7a26c270ffbac97fff') in 0.289710 seconds 
  Import took 0.292591 seconds .

========================================================================
Received Import Request.
  Time since last request: 0.000300 seconds.
  path: Assets/Pistol/pistol_shot.wav
  artifactKey: Guid(67880ead61632b440a3aabe17058c1af) Importer(815301076,1909f56bfc062723c751e8b465ee728b)
Start importing Assets/Pistol/pistol_shot.wav using Guid(67880ead61632b440a3aabe17058c1af) Importer(815301076,1909f56bfc062723c751e8b465ee728b)  -> (artifact id: '7240a801045cd459d6b082d9b787b541') in 0.044076 seconds 
  Import took 0.047440 seconds .

========================================================================
Received Import Request.
  Time since last request: 0.022106 seconds.
  path: Assets/Pistol/pistol_shot.wav
  artifactKey: Guid(67880ead61632b440a3aabe17058c1af) Importer(815301076,1909f56bfc062723c751e8b465ee728b)
Start importing Assets/Pistol/pistol_shot.wav using Guid(67880ead61632b440a3aabe17058c1af) Importer(815301076,1909f56bfc062723c751e8b465ee728b)  -> (artifact id: '7240a801045cd459d6b082d9b787b541') in 0.013944 seconds 
  Import took 0.022315 seconds .

========================================================================
Received Import Request.
  Time since last request: 786.547813 seconds.
  path: Assets/stylized 3d gun/prefabs
  artifactKey: Guid(a10bb3084edaf9e4f8f826aee22c22a6) Importer(815301076,1909f56bfc062723c751e8b465ee728b)
Start importing Assets/stylized 3d gun/prefabs using Guid(a10bb3084edaf9e4f8f826aee22c22a6) Importer(815301076,1909f56bfc062723c751e8b465ee728b)  -> (artifact id: 'd72b23cc195cb9808ab4ced1f866d1d4') in 0.011810 seconds 
  Import took 0.015535 seconds .

========================================================================
Received Import Request.
  Time since last request: 0.096182 seconds.
  path: Assets/stylized 3d gun/prefabs/gun telescope.prefab
  artifactKey: Guid(97e3c50232ac3c04c8eee5c8ca977c55) Importer(815301076,1909f56bfc062723c751e8b465ee728b)
Start importing Assets/stylized 3d gun/prefabs/gun telescope.prefab using Guid(97e3c50232ac3c04c8eee5c8ca977c55) Importer(815301076,1909f56bfc062723c751e8b465ee728b)  -> (artifact id: '7a5a63897746c9caf4a55ab7e4a39efa') in 0.975439 seconds 
  Import took 0.980876 seconds .

========================================================================
Received Import Request.
  Time since last request: 0.000494 seconds.
  path: Assets/stylized 3d gun/prefabs/WEABEN 10.prefab
  artifactKey: Guid(983d3c32751ffbf40b05493c52f50da9) Importer(815301076,1909f56bfc062723c751e8b465ee728b)
Start importing Assets/stylized 3d gun/prefabs/WEABEN 10.prefab using Guid(983d3c32751ffbf40b05493c52f50da9) Importer(815301076,1909f56bfc062723c751e8b465ee728b)  -> (artifact id: '04bff102b30f22febfec0558d1b66150') in 0.027853 seconds 
  Import took 0.030902 seconds .

========================================================================
Received Import Request.
  Time since last request: 0.000315 seconds.
  path: Assets/stylized 3d gun/prefabs/shoot.prefab
  artifactKey: Guid(f5d5f2baa9d387043ad5e5c5090af003) Importer(815301076,1909f56bfc062723c751e8b465ee728b)
Start importing Assets/stylized 3d gun/prefabs/shoot.prefab using Guid(f5d5f2baa9d387043ad5e5c5090af003) Importer(815301076,1909f56bfc062723c751e8b465ee728b)  -> (artifact id: 'f3be1ec0c0d4de21e148b27c5bfb7855') in 0.020168 seconds 
  Import took 0.022986 seconds .

========================================================================
Received Import Request.
  Time since last request: 5.203328 seconds.
  path: Assets/stylized 3d gun/modls
  artifactKey: Guid(9fa9efb6c33cdd84e97b4db57ccca3c9) Importer(815301076,1909f56bfc062723c751e8b465ee728b)
Start importing Assets/stylized 3d gun/modls using Guid(9fa9efb6c33cdd84e97b4db57ccca3c9) Importer(815301076,1909f56bfc062723c751e8b465ee728b)  -> (artifact id: '276c0bae7a2720375972a0392082ed89') in 0.011327 seconds 
  Import took 0.015152 seconds .

========================================================================
Received Import Request.
  Time since last request: 1.063201 seconds.
  path: Assets/stylized 3d gun/Scenes
  artifactKey: Guid(9b95a3e5a157c58408cfbaa068150ff1) Importer(815301076,1909f56bfc062723c751e8b465ee728b)
Start importing Assets/stylized 3d gun/Scenes using Guid(9b95a3e5a157c58408cfbaa068150ff1) Importer(815301076,1909f56bfc062723c751e8b465ee728b)  -> (artifact id: '0eafb687df8f3dd959778b36b3abd78d') in 0.101605 seconds 
  Import took 0.104994 seconds .

========================================================================
Received Import Request.
  Time since last request: 11.324264 seconds.
  path: Assets/stylized 3d gun/modls/gun telescope.fbx
  artifactKey: Guid(06fe9d2970558f94099391412c2d1558) Importer(815301076,1909f56bfc062723c751e8b465ee728b)
Start importing Assets/stylized 3d gun/modls/gun telescope.fbx using Guid(06fe9d2970558f94099391412c2d1558) Importer(815301076,1909f56bfc062723c751e8b465ee728b)  -> (artifact id: 'd25e83cd3faf036515eaf3fa8bcb24ae') in 0.255880 seconds 
  Import took 0.259553 seconds .

========================================================================
Received Import Request.
  Time since last request: 0.000312 seconds.
  path: Assets/stylized 3d gun/modls/WEABEN 10.fbx
  artifactKey: Guid(526b93a013c32a54896e0639391c92e6) Importer(815301076,1909f56bfc062723c751e8b465ee728b)
Start importing Assets/stylized 3d gun/modls/WEABEN 10.fbx using Guid(526b93a013c32a54896e0639391c92e6) Importer(815301076,1909f56bfc062723c751e8b465ee728b)  -> (artifact id: 'c4b5599e0599f1f2c89855829fcd3f49') in 0.094571 seconds 
  Import took 0.097263 seconds .

========================================================================
Received Import Request.
  Time since last request: 0.000291 seconds.
  path: Assets/stylized 3d gun/modls/shoot.fbx
  artifactKey: Guid(c31794d80047b1a46a4424df8a1823cf) Importer(815301076,1909f56bfc062723c751e8b465ee728b)
Start importing Assets/stylized 3d gun/modls/shoot.fbx using Guid(c31794d80047b1a46a4424df8a1823cf) Importer(815301076,1909f56bfc062723c751e8b465ee728b)  -> (artifact id: '8295e41890bae04a5313fd82b75ec0aa') in 0.034942 seconds 
  Import took 0.037945 seconds .

========================================================================
Received Import Request.
  Time since last request: 0.002744 seconds.
  path: Assets/stylized 3d gun/modls/shoot.fbx
  artifactKey: Guid(c31794d80047b1a46a4424df8a1823cf) Importer(815301076,1909f56bfc062723c751e8b465ee728b)
Start importing Assets/stylized 3d gun/modls/shoot.fbx using Guid(c31794d80047b1a46a4424df8a1823cf) Importer(815301076,1909f56bfc062723c751e8b465ee728b)  -> (artifact id: '8295e41890bae04a5313fd82b75ec0aa') in 0.035451 seconds 
  Import took 0.042561 seconds .

========================================================================
Received Import Request.
  Time since last request: 2.728208 seconds.
  path: Assets/stylized 3d gun/material
  artifactKey: Guid(969750b72df75ad409a39eb04e753bc9) Importer(815301076,1909f56bfc062723c751e8b465ee728b)
Start importing Assets/stylized 3d gun/material using Guid(969750b72df75ad409a39eb04e753bc9) Importer(815301076,1909f56bfc062723c751e8b465ee728b)  -> (artifact id: 'a79db4387b4a2d4ea76a2282034fee9f') in 0.012595 seconds 
  Import took 0.017554 seconds .

========================================================================
Received Import Request.
  Time since last request: 1.274592 seconds.
  path: Assets/stylized 3d gun/material/glasse.mat
  artifactKey: Guid(a0eb8b85eb0e1fb43b24e0a388211ab7) Importer(815301076,1909f56bfc062723c751e8b465ee728b)
Start importing Assets/stylized 3d gun/material/glasse.mat using Guid(a0eb8b85eb0e1fb43b24e0a388211ab7) Importer(815301076,1909f56bfc062723c751e8b465ee728b)  -> (artifact id: '38bbb2c79b083fa2be334f838465054f') in 0.117179 seconds 
  Import took 0.122482 seconds .

========================================================================
Received Import Request.
  Time since last request: 0.000654 seconds.
  path: Assets/stylized 3d gun/material/shoot.mat
  artifactKey: Guid(204e2ac1d0da6ff4189800fc16b4830b) Importer(815301076,1909f56bfc062723c751e8b465ee728b)
Start importing Assets/stylized 3d gun/material/shoot.mat using Guid(204e2ac1d0da6ff4189800fc16b4830b) Importer(815301076,1909f56bfc062723c751e8b465ee728b)  -> (artifact id: '11f2bec5f64e238b88769899b9b6bc60') in 0.025900 seconds 
  Import took 0.030475 seconds .

========================================================================
Received Import Request.
  Time since last request: 0.000732 seconds.
  path: Assets/stylized 3d gun/material/weapon.mat
  artifactKey: Guid(273cb0b1e3b4fa843b09601b3ad23a94) Importer(815301076,1909f56bfc062723c751e8b465ee728b)
Start importing Assets/stylized 3d gun/material/weapon.mat using Guid(273cb0b1e3b4fa843b09601b3ad23a94) Importer(815301076,1909f56bfc062723c751e8b465ee728b)  -> (artifact id: '1d95b1834d8f65a726b1803f1b2ccb82') in 0.027344 seconds 
  Import took 0.033692 seconds .

AssetImportWorkerClient::OnTransportError - code=2 error=End of file
